<?xml version="1.0" encoding="UTF-8"?>
<testng-results ignored="0" total="1" passed="1" failed="0" skipped="0">
  <reporter-output>
  </reporter-output>
  <suite started-at="2023-08-19T10:50:05 BST" name="Surefire suite" finished-at="2023-08-19T10:50:44 BST" duration-ms="38825">
    <groups>
    </groups>
    <test started-at="2023-08-19T10:50:05 BST" name="Surefire test" finished-at="2023-08-19T10:50:44 BST" duration-ms="38825">
      <class name="com.actoJava.qa.endToEndTests.FlightValidationTests">
        <test-method is-config="true" signature="setup()[pri:0, instance:com.actoJava.qa.endToEndTests.FlightValidationTests@101952da]" started-at="2023-08-19T10:50:05 BST" name="setup" finished-at="2023-08-19T10:50:13 BST" duration-ms="7464" status="PASS">
          <reporter-output>
          </reporter-output>
        </test-method> <!-- setup -->
        <test-method signature="validateFlightDetails()[pri:0, instance:com.actoJava.qa.endToEndTests.FlightValidationTests@101952da]" started-at="2023-08-19T10:50:13 BST" name="validateFlightDetails" finished-at="2023-08-19T10:50:43 BST" duration-ms="30643" status="PASS">
          <reporter-output>
          </reporter-output>
        </test-method> <!-- validateFlightDetails -->
        <test-method is-config="true" signature="tearDown()[pri:0, instance:com.actoJava.qa.endToEndTests.FlightValidationTests@101952da]" started-at="2023-08-19T10:50:43 BST" name="tearDown" finished-at="2023-08-19T10:50:44 BST" duration-ms="555" status="PASS">
          <reporter-output>
          </reporter-output>
        </test-method> <!-- tearDown -->
      </class> <!-- com.actoJava.qa.endToEndTests.FlightValidationTests -->
    </test> <!-- Surefire test -->
  </suite> <!-- Surefire suite -->
</testng-results>
