<?xml version="1.0" encoding="UTF-8"?>
<testsuite xmlns:xsi="http://www.w3.org/2001/XMLSchema-instance" xsi:noNamespaceSchemaLocation="https://maven.apache.org/surefire/maven-surefire-plugin/xsd/surefire-test-report-3.0.xsd" version="3.0" name="com.actoJava.qa.endToEndTests.FlightValidationTests" time="40.429" tests="1" errors="0" skipped="0" failures="0">
  <properties>
[...]
</properties>
  <testcase name="validateFlightDetails" classname="com.actoJava.qa.endToEndTests.FlightValidationTests" time="30.644">
    <system-out><![CDATA[C:\Users\44745\Desktop\booking.comflighttests/src/main/resources/config/config.properties
Before navigating to: 'https://flights.booking.com'
Navigated to:'https://flights.booking.com'
Trying to find Element By : By.xpath: //button[text()='Accept']
Found Element By : By.xpath: //button[text()='Accept']
Trying to click on: [[EdgeDriver: msedge on windows (a33776ccde2f22f2751161043a9cd21c)] -> xpath: //button[text()='Accept']]
Clicked on: [[EdgeDriver: msedge on windows (a33776ccde2f22f2751161043a9cd21c)] -> xpath: //button[text()='Accept']]
Trying to find Element By : By.id: search_type_option_ROUNDTRIP
Found Element By : By.id: search_type_option_ROUNDTRIP
Trying to click on: [[EdgeDriver: msedge on windows (a33776ccde2f22f2751161043a9cd21c)] -> id: search_type_option_ROUNDTRIP]
Clicked on: [[EdgeDriver: msedge on windows (a33776ccde2f22f2751161043a9cd21c)] -> id: search_type_option_ROUNDTRIP]
Trying to find Element By : By.xpath: //button[@data-ui-name='input_location_from_segment_0']
Found Element By : By.xpath: //button[@data-ui-name='input_location_from_segment_0']
Trying to click on: [[EdgeDriver: msedge on windows (a33776ccde2f22f2751161043a9cd21c)] -> xpath: //button[@data-ui-name='input_location_from_segment_0']]
Clicked on: [[EdgeDriver: msedge on windows (a33776ccde2f22f2751161043a9cd21c)] -> xpath: //button[@data-ui-name='input_location_from_segment_0']]
Trying to find Element By : By.xpath: //input[@placeholder='Airport or city']
Found Element By : By.xpath: //input[@placeholder='Airport or city']
Trying to find Element By : By.xpath: //input[@placeholder='Airport or city']
Found Element By : By.xpath: //input[@placeholder='Airport or city']
Trying to find Element By : By.xpath: //button[@data-ui-name='input_location_to_segment_0']
Found Element By : By.xpath: //button[@data-ui-name='input_location_to_segment_0']
Trying to click on: [[EdgeDriver: msedge on windows (a33776ccde2f22f2751161043a9cd21c)] -> xpath: //button[@data-ui-name='input_location_to_segment_0']]
Clicked on: [[EdgeDriver: msedge on windows (a33776ccde2f22f2751161043a9cd21c)] -> xpath: //button[@data-ui-name='input_location_to_segment_0']]
Trying to find Element By : By.xpath: //input[@placeholder='Airport or city']
Found Element By : By.xpath: //input[@placeholder='Airport or city']
Trying to find Element By : By.xpath: //input[@placeholder='Airport or city']
Found Element By : By.xpath: //input[@placeholder='Airport or city']
Trying to find Element By : By.xpath: //input[@name='CITYNYC']
Found Element By : By.xpath: //input[@name='CITYNYC']
Trying to click on: [[EdgeDriver: msedge on windows (a33776ccde2f22f2751161043a9cd21c)] -> xpath: //input[@name='CITYNYC']]
Clicked on: [[EdgeDriver: msedge on windows (a33776ccde2f22f2751161043a9cd21c)] -> xpath: //input[@name='CITYNYC']]
Trying to find Element By : By.xpath: //button[@data-ui-name='button_date_segment_0']
Found Element By : By.xpath: //button[@data-ui-name='button_date_segment_0']
Trying to click on: [[EdgeDriver: msedge on windows (a33776ccde2f22f2751161043a9cd21c)] -> xpath: //button[@data-ui-name='button_date_segment_0']]
Clicked on: [[EdgeDriver: msedge on windows (a33776ccde2f22f2751161043a9cd21c)] -> xpath: //button[@data-ui-name='button_date_segment_0']]
Trying to find Element By : By.xpath: //span[@data-date='2023-09-23']
Found Element By : By.xpath: //span[@data-date='2023-09-23']
Trying to click on: [[EdgeDriver: msedge on windows (a33776ccde2f22f2751161043a9cd21c)] -> xpath: //span[@data-date='2023-09-23']]
Clicked on: [[EdgeDriver: msedge on windows (a33776ccde2f22f2751161043a9cd21c)] -> xpath: //span[@data-date='2023-09-23']]
Trying to find Element By : By.xpath: //span[@data-date='2023-09-29']
Found Element By : By.xpath: //span[@data-date='2023-09-29']
Trying to click on: [[EdgeDriver: msedge on windows (a33776ccde2f22f2751161043a9cd21c)] -> xpath: //span[@data-date='2023-09-29']]
Clicked on: [[EdgeDriver: msedge on windows (a33776ccde2f22f2751161043a9cd21c)] -> xpath: //span[@data-date='2023-09-29']]
Trying to find Element By : By.xpath: //button[@data-ui-name='button_search_submit']
Found Element By : By.xpath: //button[@data-ui-name='button_search_submit']
Trying to click on: [[EdgeDriver: msedge on windows (a33776ccde2f22f2751161043a9cd21c)] -> xpath: //button[@data-ui-name='button_search_submit']]
Clicked on: [[EdgeDriver: msedge on windows (a33776ccde2f22f2751161043a9cd21c)] -> xpath: //button[@data-ui-name='button_search_submit']]
Trying to find Element By : By.xpath: //button[text()='Accept']
Found Element By : By.xpath: //button[text()='Accept']
Trying to click on: [[EdgeDriver: msedge on windows (a33776ccde2f22f2751161043a9cd21c)] -> xpath: //button[text()='Accept']]
Clicked on: [[EdgeDriver: msedge on windows (a33776ccde2f22f2751161043a9cd21c)] -> xpath: //button[text()='Accept']]
Trying to find Element By : By.xpath: //span[text()='Cheapest']
Found Element By : By.xpath: //span[text()='Cheapest']
Trying to click on: [[EdgeDriver: msedge on windows (a33776ccde2f22f2751161043a9cd21c)] -> xpath: //span[text()='Cheapest']]
Clicked on: [[EdgeDriver: msedge on windows (a33776ccde2f22f2751161043a9cd21c)] -> xpath: //span[text()='Cheapest']]
Trying to find Element By : By.xpath: //div[@data-test-id='flight_card_price_main_price']
Found Element By : By.xpath: //div[@data-test-id='flight_card_price_main_price']
Number of prices 15
Hello
£355.73
Hello
£432.31
Hello
£432.31
Hello
£432.31
Hello
£432.31
Hello
£432.31
Hello
£432.31
Hello
£432.31
Hello
£432.31
Hello
£432.31
Hello
£432.31
Hello
£432.31
Hello
£432.31
Hello
£432.31
Hello
£432.31
Trying to find Element By : By.xpath: //div[@data-test-id='flight_card_price_main_price']
Found Element By : By.xpath: //div[@data-test-id='flight_card_price_main_price']
Trying to find Element By : By.xpath: //*[text()='See flight']
Found Element By : By.xpath: //*[text()='See flight']
Trying to click on: [[EdgeDriver: msedge on windows (a33776ccde2f22f2751161043a9cd21c)] -> xpath: //*[text()='See flight']]
Clicked on: [[EdgeDriver: msedge on windows (a33776ccde2f22f2751161043a9cd21c)] -> xpath: //*[text()='See flight']]
Trying to find Element By : By.xpath: //*[text()='Select']
Found Element By : By.xpath: //*[text()='Select']
Trying to click on: [[EdgeDriver: msedge on windows (a33776ccde2f22f2751161043a9cd21c)] -> xpath: //*[text()='Select']]
Clicked on: [[EdgeDriver: msedge on windows (a33776ccde2f22f2751161043a9cd21c)] -> xpath: //*[text()='Select']]
Trying to find Element By : By.xpath: //*[@data-testid='breakdown_list_price']
Found Element By : By.xpath: //*[@data-testid='breakdown_list_price']
£355.73
]]></system-out>
    <system-err><![CDATA[SLF4J: Failed to load class "org.slf4j.impl.StaticLoggerBinder".
SLF4J: Defaulting to no-operation (NOP) logger implementation
SLF4J: See http://www.slf4j.org/codes.html#StaticLoggerBinder for further details.
Starting Microsoft Edge WebDriver 115.0.1901.203 (a5a2b1779bcfe71f081bc9104cca968d420a89ac) on port 33212
To submit feedback, report a bug, or suggest new features, please visit https://github.com/MicrosoftEdge/EdgeWebDriver

Only local connections are allowed.
Please see https://aka.ms/WebDriverSecurity for suggestions on keeping Microsoft Edge WebDriver safe.

Microsoft Edge WebDriver was started successfully.
Aug 19, 2023 10:50:09 AM org.openqa.selenium.devtools.CdpVersionFinder findNearestMatch
WARNING: Unable to find an exact match for CDP version 115, so returning the closest version found: 113
]]></system-err>
  </testcase>
</testsuite>